<?xml version="1.0" encoding="UTF-8"?>
<!-- Generated by org.testng.reporters.JUnitXMLReporter -->
<testsuite ignored="1" hostname="LAPTOP-S6N9B0AE" failures="0" tests="1" name="Test" time="49.298" errors="0" timestamp="2022-07-09T04:04:42 IST">
  <testcase classname="test.ActitimeLoginCreateCustomer" name="createCustomer" time="49.271"/>
  <testcase classname="test.ActitimeLoginLogout" name="loginLogout" time="0.0">
    <ignored/>
  </testcase> <!-- loginLogout -->
</testsuite> <!-- Test -->
